0 info it worked if it ends with ok
1 verbose cli [ '/usr/bin/nodejs', '/usr/bin/npm', 'version', 'winreg' ]
2 info using npm@3.5.2
3 info using node@v4.2.6
4 error version No valid package.json found
5 verbose stack SyntaxError: Unexpected token }
5 verbose stack     at Object.parse (native)
5 verbose stack     at module.exports (/usr/share/npm/lib/utils/parse-json.js:3:15)
5 verbose stack     at /usr/share/npm/lib/version.js:36:14
5 verbose stack     at /usr/share/npm/node_modules/graceful-fs/graceful-fs.js:76:16
5 verbose stack     at FSReqWrap.readFileAfterClose [as oncomplete] (fs.js:380:3)
6 verbose cwd /home/shaun/Documents/Atom Projects/USNJBQ_rsync_helper
7 error Linux 4.4.0-31-generic
8 error argv "/usr/bin/nodejs" "/usr/bin/npm" "version" "winreg"
9 error node v4.2.6
10 error npm  v3.5.2
11 error Unexpected token }
12 error If you need help, you may report this error at:
12 error     <https://github.com/npm/npm/issues>
13 verbose exit [ 1, true ]
